<?xml version="1.0" encoding="UTF-8"?>
<!-- Generated by org.testng.reporters.JUnitXMLReporter -->
<testsuite ignored="0" hostname="LAPTOP-JN0A0H06" failures="4" tests="14" name="Test" time="55.459" errors="0" timestamp="2023-09-16T01:07:50 IST">
  <testcase classname="seleniumPractice.BrokenLinks" name="brokenLinks" time="33.311">
    <failure type="java.net.MalformedURLException" message="Cannot invoke &amp;quot;String.length()&amp;quot; because &amp;quot;spec&amp;quot; is null">
      <![CDATA[java.net.MalformedURLException: Cannot invoke "String.length()" because "spec" is null
at java.base/java.net.URL.<init>(URL.java:708)
at java.base/java.net.URL.<init>(URL.java:569)
at java.base/java.net.URL.<init>(URL.java:516)
at seleniumPractice.BrokenLinks.brokenLinks(BrokenLinks.java:33)
at java.base/java.util.ArrayList.forEach(ArrayList.java:1511)
Caused by: java.lang.NullPointerException: Cannot invoke "String.length()" because "spec" is null
at java.base/java.net.URL.<init>(URL.java:614)
... 31 more
... Removed 27 stack frames]]>
    </failure>
  </testcase> <!-- brokenLinks -->
  <testcase classname="testngPractice.TestNGAnnotaion" name="a5" time="0.001"/>
  <testcase classname="base.ControlClick" name="am" time="16.769"/>
  <testcase classname="testngPractice.TestNgParameter" name="parameterss" time="0.0">
    <failure type="org.testng.TestNGException" message="
Parameter &amp;apos;a&amp;apos; is required by @Test on method parameterss but has not been marked @Optional or defined
in D:\Java\JavaProjects\src\main\test\testng.xml">
      <![CDATA[org.testng.TestNGException: 
Parameter 'a' is required by @Test on method parameterss but has not been marked @Optional or defined
in D:\Java\JavaProjects\src\main\test\testng.xml
at java.base/java.util.ArrayList.forEach(ArrayList.java:1511)
... Removed 26 stack frames]]>
    </failure>
  </testcase> <!-- parameterss -->
  <testcase classname="base.Frames" name="am" time="4.779"/>
  <testcase classname="base.RegularExp" name="regex1" time="0.002"/>
  <testcase classname="javaFeature.Constructor" name="c1" time="0.001"/>
  <testcase classname="javaFeature.DataTypes" name="dt" time="0.002"/>
  <testcase classname="javaFeature.DoWhileLoop" name="dwlll" time="0.0"/>
  <testcase classname="javaFeature.Encapsulation" name="ab" time="0.0">
    <failure type="java.lang.Exception" message="Please Enter Greater Than 0">
      <![CDATA[java.lang.Exception: Please Enter Greater Than 0
at javaFeature.Abc.setA(Encapsulation.java:30)
at javaFeature.Encapsulation.ab(Encapsulation.java:54)
at java.base/java.util.ArrayList.forEach(ArrayList.java:1511)
... Removed 27 stack frames]]>
    </failure>
  </testcase> <!-- ab -->
  <testcase classname="javaFeature.Inheritance" name="c" time="0.003"/>
  <testcase classname="javaFeature.StringCheck" name="sc" time="0.001">
    <failure type="java.lang.NumberFormatException" message="For input string: &amp;quot;12345678900987654321&amp;quot;">
      <![CDATA[java.lang.NumberFormatException: For input string: "12345678900987654321"
at java.base/java.lang.NumberFormatException.forInputString(NumberFormatException.java:67)
at java.base/java.lang.Integer.parseInt(Integer.java:668)
at java.base/java.lang.Integer.parseInt(Integer.java:786)
at javaFeature.StringCheck.sc(StringCheck.java:29)
at java.base/java.util.ArrayList.forEach(ArrayList.java:1511)
... Removed 27 stack frames]]>
    </failure>
  </testcase> <!-- sc -->
  <testcase classname="javaFeature.SwitchCaseExcel" name="ex" time="0.524"/>
  <testcase classname="javaFeature.WhileLoop" name="wl" time="0.001"/>
</testsuite> <!-- Test -->
